TpTrace Verbose: 0 : 15584, 1, 2025/01/19, 20:31:44.617, 21846928725900, datacollector.dll, Version: 17.12.0-release-24508-01
TpTrace Information: 0 : 15584, 1, 2025/01/19, 20:31:44.623, 21846928782227, datacollector.dll, DataCollectorMain.Run: Starting data collector run with args: --port,51667,--parentprocessid,13176,--diag,C:\Users\ahmed\Desktop\VVS\VVSProjekatDio3\bin\Debug\net8.0\fine-code-coverage\coverage-tool-output\diagnostics.datacollector.25-01-19_20-31-44_48023_5.log,--tracelevel,4
TpTrace Information: 0 : 15584, 1, 2025/01/19, 20:31:44.623, 21846928783725, datacollector.dll, DataCollector: Monitoring parent process with id: '13176'
TpTrace Information: 0 : 15584, 1, 2025/01/19, 20:31:44.632, 21846928876081, datacollector.dll, Trying to connect to server on socket : 127.0.0.1:51667 
TpTrace Verbose: 0 : 15584, 1, 2025/01/19, 20:31:44.642, 21846928976059, datacollector.dll, SocketCommunicationManager : SetupClientAsync : Attempting to connect to the server.
TpTrace Information: 0 : 15584, 7, 2025/01/19, 20:31:44.652, 21846929071581, datacollector.dll, Connected to the server successfully 
TpTrace Information: 0 : 15584, 7, 2025/01/19, 20:31:44.652, 21846929072401, datacollector.dll, Using the buffer size of 16384 bytes
TpTrace Information: 0 : 15584, 1, 2025/01/19, 20:31:44.708, 21846929628251, datacollector.dll, DataCollector: Start Request Processing.
TpTrace Verbose: 0 : 15584, 1, 2025/01/19, 20:31:44.708, 21846929630769, datacollector.dll, SocketCommunicationManager.WaitForServerConnection took: 0 ms, with 90000 ms timeout, and finished with True.
TpTrace Information: 0 : 15584, 1, 2025/01/19, 20:31:44.708, 21846929633623, datacollector.dll, DataCollectionRequestHandler.ProcessRequests: Datacollector received message: (DataCollection.BeforeTestRunStart) -> {"MessageType":"DataCollection.BeforeTestRunStart","Payload":{"SettingsXml":"<RunSettings><RunConfiguration><ResultsDirectory>C:\\Users\\ahmed\\Desktop\\VVS\\VVSProjekatDio3\\bin\\Debug\\net8.0\\fine-code-coverage\\coverage-tool-output</ResultsDirectory><TargetPlatform>X64</TargetPlatform><TargetFrameworkVersion>.NETCoreApp,Version=v8.0</TargetFrameworkVersion><DesignMode>False</DesignMode><CollectSourceInformation>False</CollectSourceInformation><TestAdaptersPaths>C:\\Program Files\\dotnet\\sdk\\9.0.100\\Extensions</TestAdaptersPaths></RunConfiguration><LoggerRunSettings><Loggers><Logger friendlyName=\"blame\" enabled=\"True\" /><Logger friendlyName=\"Console\" uri=\"logger://microsoft/TestPlatform/ConsoleLogger/v1\" assemblyQualifiedName=\"Microsoft.VisualStudio.TestPlatform.CommandLine.Internal.ConsoleLogger, vstest.console, Version=15.0.0.0, Culture=neutral, PublicKeyToken=b03f5f7f11d50a3a\" codeBase=\"C:\\Program Files\\dotnet\\sdk\\9.0.100\\vstest.console.dll\" enabled=\"True\" /></Loggers></LoggerRunSettings><DataCollectionRunSettings><DataCollectors><DataCollector friendlyName=\"blame\" enabled=\"True\"><Configuration><ResultsDirectory>C:\\Users\\ahmed\\Desktop\\VVS\\VVSProjekatDio3\\bin\\Debug\\net8.0\\fine-code-coverage\\coverage-tool-output</ResultsDirectory></Configuration></DataCollector></DataCollectors></DataCollectionRunSettings></RunSettings>","Sources":["C:\\Users\\ahmed\\Desktop\\VVS\\VVSProjekatDio3\\bin\\Debug\\net8.0\\fine-code-coverage\\build-output\\VVSProjekatDio3.dll"],"IsTelemetryOptedIn":false}}
TpTrace Verbose: 0 : 15584, 1, 2025/01/19, 20:31:44.749, 21846930041525, datacollector.dll, TestPluginCache: Update extensions started. Skip filter = False
TpTrace Verbose: 0 : 15584, 1, 2025/01/19, 20:31:44.750, 21846930049354, datacollector.dll, TestPluginCache: Using directories for assembly resolution 'C:\Program Files\dotnet\sdk\9.0.100\Extensions'.
TpTrace Verbose: 0 : 15584, 1, 2025/01/19, 20:31:44.750, 21846930050309, datacollector.dll, TestPluginCache: Updated the available extensions to 'C:\Program Files\dotnet\sdk\9.0.100\Extensions\Microsoft.TestPlatform.Extensions.BlameDataCollector.dll,C:\Program Files\dotnet\sdk\9.0.100\Extensions\Microsoft.TestPlatform.Extensions.EventLogCollector.dll'.
TpTrace Verbose: 0 : 15584, 1, 2025/01/19, 20:31:44.756, 21846930107932, datacollector.dll, TestPluginCache.DiscoverTestExtensions: finding test extensions in assemblies ends with: Collector.dll TPluginInfo: Microsoft.VisualStudio.TestPlatform.Common.DataCollector.DataCollectorConfig TExtension: Microsoft.VisualStudio.TestPlatform.ObjectModel.DataCollection.DataCollector
TpTrace Verbose: 0 : 15584, 1, 2025/01/19, 20:31:44.757, 21846930120726, datacollector.dll, TestPluginCache.GetExtensionPaths: Filtered extension paths: C:\Program Files\dotnet\sdk\9.0.100\Extensions\Microsoft.TestPlatform.Extensions.BlameDataCollector.dll
C:\Program Files\dotnet\sdk\9.0.100\Extensions\Microsoft.TestPlatform.Extensions.EventLogCollector.dll
TpTrace Verbose: 0 : 15584, 1, 2025/01/19, 20:31:44.757, 21846930121700, datacollector.dll, TestPluginCache.GetExtensionPaths: Added default extension paths: 
TpTrace Verbose: 0 : 15584, 1, 2025/01/19, 20:31:44.757, 21846930122013, datacollector.dll, TestPluginCache.GetExtensionPaths: Added unfilterableExtensionPaths: 
TpTrace Information: 0 : 15584, 1, 2025/01/19, 20:31:44.758, 21846930128264, datacollector.dll, AssemblyResolver.ctor: Creating AssemblyResolver with searchDirectories C:\Program Files\dotnet\sdk\9.0.100\Extensions,C:\Program Files\dotnet\sdk\9.0.100
TpTrace Verbose: 0 : 15584, 1, 2025/01/19, 20:31:44.759, 21846930137261, datacollector.dll, TestPluginCache.DiscoverTestExtensions: Discovering the extensions using extension path.
TpTrace Verbose: 0 : 15584, 1, 2025/01/19, 20:31:44.759, 21846930138918, datacollector.dll, TestPluginCache.GetExtensionPaths: Filtered extension paths: C:\Program Files\dotnet\sdk\9.0.100\Extensions\Microsoft.TestPlatform.Extensions.BlameDataCollector.dll
C:\Program Files\dotnet\sdk\9.0.100\Extensions\Microsoft.TestPlatform.Extensions.EventLogCollector.dll
TpTrace Verbose: 0 : 15584, 1, 2025/01/19, 20:31:44.759, 21846930139286, datacollector.dll, TestPluginCache.GetExtensionPaths: Added default extension paths: 
TpTrace Verbose: 0 : 15584, 1, 2025/01/19, 20:31:44.759, 21846930139515, datacollector.dll, TestPluginCache.GetExtensionPaths: Added unfilterableExtensionPaths: 
TpTrace Verbose: 0 : 15584, 1, 2025/01/19, 20:31:44.759, 21846930139952, datacollector.dll, TestPluginCache.DiscoverTestExtensions: Discovering the extensions using allExtensionPaths: C:\Program Files\dotnet\sdk\9.0.100\Extensions\Microsoft.TestPlatform.Extensions.BlameDataCollector.dll
C:\Program Files\dotnet\sdk\9.0.100\Extensions\Microsoft.TestPlatform.Extensions.EventLogCollector.dll
TpTrace Information: 0 : 15584, 1, 2025/01/19, 20:31:44.759, 21846930140976, datacollector.dll, AssemblyResolver.AddSearchDirectories: Adding more searchDirectories C:\Program Files\dotnet\sdk\9.0.100\Extensions,C:\Program Files\dotnet\sdk\9.0.100
TpTrace Information: 0 : 15584, 1, 2025/01/19, 20:31:44.759, 21846930141425, datacollector.dll, AssemblyResolver.AddSearchDirectories: Adding more searchDirectories C:\Program Files\dotnet\sdk\9.0.100\Extensions,C:\Program Files\dotnet\sdk\9.0.100
TpTrace Information: 0 : 15584, 1, 2025/01/19, 20:31:44.759, 21846930145907, datacollector.dll, AssemblyResolver.OnResolve: Microsoft.TestPlatform.Extensions.BlameDataCollector: Resolving assembly.
TpTrace Information: 0 : 15584, 1, 2025/01/19, 20:31:44.760, 21846930146710, datacollector.dll, AssemblyResolver.OnResolve: Microsoft.TestPlatform.Extensions.BlameDataCollector: Searching in: 'C:\Program Files\dotnet\sdk\9.0.100\Extensions'.
TpTrace Information: 0 : 15584, 1, 2025/01/19, 20:31:44.774, 21846930294906, datacollector.dll, AssemblyResolver.OnResolve: Microsoft.TestPlatform.Extensions.BlameDataCollector: Loading assembly 'C:\Program Files\dotnet\sdk\9.0.100\Extensions\Microsoft.TestPlatform.Extensions.BlameDataCollector.dll'.
TpTrace Information: 0 : 15584, 1, 2025/01/19, 20:31:44.775, 21846930304607, datacollector.dll, AssemblyResolver.OnResolve: Resolved assembly: Microsoft.TestPlatform.Extensions.BlameDataCollector, from path: C:\Program Files\dotnet\sdk\9.0.100\Extensions\Microsoft.TestPlatform.Extensions.BlameDataCollector.dll
TpTrace Verbose: 0 : 15584, 1, 2025/01/19, 20:31:44.776, 21846930314467, datacollector.dll, MetadataReaderExtensionsHelper: Discovering extensions inside assembly 'Microsoft.TestPlatform.Extensions.BlameDataCollector, Version=15.0.0.0, Culture=neutral, PublicKeyToken=b03f5f7f11d50a3a' file path 'C:\Program Files\dotnet\sdk\9.0.100\Extensions\Microsoft.TestPlatform.Extensions.BlameDataCollector.dll'
TpTrace Error: 0 : 15584, 1, 2025/01/19, 20:31:44.779, 21846930341474, datacollector.dll, The type "Microsoft.TestPlatform.Extensions.BlameDataCollector.BlameCollector" defined in "Microsoft.TestPlatform.Extensions.BlameDataCollector.dll" does not have ExtensionUri attribute.
TpTrace Information: 0 : 15584, 1, 2025/01/19, 20:31:44.783, 21846930380284, datacollector.dll, GetTestExtensionFromType: Register extension with identifier data 'datacollector://microsoft/TestPlatform/Extensions/Blame/v1' and type 'Microsoft.TestPlatform.Extensions.BlameDataCollector.BlameCollector, Microsoft.TestPlatform.Extensions.BlameDataCollector, Version=15.0.0.0, Culture=neutral, PublicKeyToken=b03f5f7f11d50a3a' inside file 'C:\Program Files\dotnet\sdk\9.0.100\Extensions\Microsoft.TestPlatform.Extensions.BlameDataCollector.dll'
TpTrace Information: 0 : 15584, 1, 2025/01/19, 20:31:44.783, 21846930381552, datacollector.dll, AssemblyResolver.OnResolve: Microsoft.TestPlatform.Extensions.EventLogCollector: Resolving assembly.
TpTrace Information: 0 : 15584, 1, 2025/01/19, 20:31:44.783, 21846930381977, datacollector.dll, AssemblyResolver.OnResolve: Microsoft.TestPlatform.Extensions.EventLogCollector: Searching in: 'C:\Program Files\dotnet\sdk\9.0.100\Extensions'.
TpTrace Information: 0 : 15584, 1, 2025/01/19, 20:31:44.784, 21846930389510, datacollector.dll, AssemblyResolver.OnResolve: Microsoft.TestPlatform.Extensions.EventLogCollector: Loading assembly 'C:\Program Files\dotnet\sdk\9.0.100\Extensions\Microsoft.TestPlatform.Extensions.EventLogCollector.dll'.
TpTrace Information: 0 : 15584, 1, 2025/01/19, 20:31:44.784, 21846930396175, datacollector.dll, AssemblyResolver.OnResolve: Resolved assembly: Microsoft.TestPlatform.Extensions.EventLogCollector, from path: C:\Program Files\dotnet\sdk\9.0.100\Extensions\Microsoft.TestPlatform.Extensions.EventLogCollector.dll
TpTrace Verbose: 0 : 15584, 1, 2025/01/19, 20:31:44.785, 21846930397134, datacollector.dll, MetadataReaderExtensionsHelper: Discovering extensions inside assembly 'Microsoft.TestPlatform.Extensions.EventLogCollector, Version=15.0.0.0, Culture=neutral, PublicKeyToken=b03f5f7f11d50a3a' file path 'C:\Program Files\dotnet\sdk\9.0.100\Extensions\Microsoft.TestPlatform.Extensions.EventLogCollector.dll'
TpTrace Error: 0 : 15584, 1, 2025/01/19, 20:31:44.787, 21846930424871, datacollector.dll, The type "Microsoft.TestPlatform.Extensions.EventLogCollector.EventLogDataCollector" defined in "Microsoft.TestPlatform.Extensions.EventLogCollector.dll" does not have ExtensionUri attribute.
TpTrace Information: 0 : 15584, 1, 2025/01/19, 20:31:44.788, 21846930428369, datacollector.dll, GetTestExtensionFromType: Register extension with identifier data 'datacollector://microsoft/EventLog/2.0' and type 'Microsoft.TestPlatform.Extensions.EventLogCollector.EventLogDataCollector, Microsoft.TestPlatform.Extensions.EventLogCollector, Version=15.0.0.0, Culture=neutral, PublicKeyToken=b03f5f7f11d50a3a' inside file 'C:\Program Files\dotnet\sdk\9.0.100\Extensions\Microsoft.TestPlatform.Extensions.EventLogCollector.dll'
TpTrace Verbose: 0 : 15584, 1, 2025/01/19, 20:31:44.788, 21846930430725, datacollector.dll, TestPluginCache: Discovered the extensions using extension path 'C:\Program Files\dotnet\sdk\9.0.100\Extensions\Microsoft.TestPlatform.Extensions.BlameDataCollector.dll,C:\Program Files\dotnet\sdk\9.0.100\Extensions\Microsoft.TestPlatform.Extensions.EventLogCollector.dll'.
TpTrace Verbose: 0 : 15584, 1, 2025/01/19, 20:31:44.788, 21846930431198, datacollector.dll, TestPluginCache: Discoverers are ''.
TpTrace Verbose: 0 : 15584, 1, 2025/01/19, 20:31:44.788, 21846930431433, datacollector.dll, TestPluginCache: Executors are ''.
TpTrace Verbose: 0 : 15584, 1, 2025/01/19, 20:31:44.788, 21846930431685, datacollector.dll, TestPluginCache: Executors2 are ''.
TpTrace Verbose: 0 : 15584, 1, 2025/01/19, 20:31:44.788, 21846930431974, datacollector.dll, TestPluginCache: Setting providers are ''.
TpTrace Verbose: 0 : 15584, 1, 2025/01/19, 20:31:44.788, 21846930432233, datacollector.dll, TestPluginCache: Loggers are ''.
TpTrace Verbose: 0 : 15584, 1, 2025/01/19, 20:31:44.788, 21846930432448, datacollector.dll, TestPluginCache: TestHosts are ''.
TpTrace Verbose: 0 : 15584, 1, 2025/01/19, 20:31:44.788, 21846930434218, datacollector.dll, TestPluginCache: DataCollectors are 'datacollector://microsoft/TestPlatform/Extensions/Blame/v1,datacollector://microsoft/EventLog/2.0'.
TpTrace Information: 0 : 15584, 1, 2025/01/19, 20:31:44.791, 21846930461070, datacollector.dll, TestPluginManager.CreateTestExtension: Attempting to load test extension: Microsoft.TestPlatform.Extensions.BlameDataCollector.BlameCollector
TpTrace Information: 0 : 15584, 1, 2025/01/19, 20:31:44.795, 21846930503939, datacollector.dll, [MonitorPostmortemDump]Monitor enabled: 'False'
TpTrace Verbose: 0 : 15584, 1, 2025/01/19, 20:31:44.796, 21846930512800, datacollector.dll, MulticastDelegateUtilities.SafeInvoke: DataCollectionEvents.SessionStart: Invoking callbacks was skipped because there are no subscribers.
TpTrace Information: 0 : 15584, 1, 2025/01/19, 20:31:44.797, 21846930517728, datacollector.dll, Listening on Endpoint : 127.0.0.1:51673
TpTrace Information: 0 : 15584, 1, 2025/01/19, 20:31:44.803, 21846930585824, datacollector.dll, DataCollectionRequestHandler.ProcessRequests : DataCollection started.
TpTrace Information: 0 : 15584, 1, 2025/01/19, 20:31:44.819, 21846930739408, datacollector.dll, DataCollectionRequestHandler.ProcessRequests: Datacollector received message: (DataCollection.TestHostLaunched) -> {"MessageType":"DataCollection.TestHostLaunched","Payload":{"ProcessId":19736}}
TpTrace Verbose: 0 : 15584, 1, 2025/01/19, 20:31:44.820, 21846930754779, datacollector.dll, MulticastDelegateUtilities.SafeInvoke: DataCollectionEvents.TestHostLaunched: Invoking callback 1/1 for Microsoft.TestPlatform.Extensions.BlameDataCollector.BlameCollector., took 0 ms.
TpTrace Information: 0 : 15584, 9, 2025/01/19, 20:31:45.006, 21846932614516, datacollector.dll, Using the buffer size of 16384 bytes
TpTrace Verbose: 0 : 15584, 7, 2025/01/19, 20:31:45.006, 21846932615451, datacollector.dll, SocketCommunicationManager.WaitForClientConnection took: 205 ms, with 90000 ms timeout, and finished with True.
TpTrace Information: 0 : 15584, 9, 2025/01/19, 20:31:45.006, 21846932615960, datacollector.dll, Accepted Client request and set the flag
TpTrace Information: 0 : 15584, 7, 2025/01/19, 20:31:45.493, 21846937483575, datacollector.dll, DataCollectionTestCaseEventHandler: Test case starting.
TpTrace Information: 0 : 15584, 7, 2025/01/19, 20:31:45.506, 21846937609752, datacollector.dll, BlameCollector.EventsTestCaseStart: Test Case Start
TpTrace Verbose: 0 : 15584, 7, 2025/01/19, 20:31:45.506, 21846937612060, datacollector.dll, MulticastDelegateUtilities.SafeInvoke: DataCollectionEvents.TestCaseStart: Invoking callback 1/1 for Microsoft.TestPlatform.Extensions.BlameDataCollector.BlameCollector., took 0 ms.
TpTrace Information: 0 : 15584, 7, 2025/01/19, 20:31:45.506, 21846937614554, datacollector.dll, DataCollectionTestCaseEventHandler: Test case 'DodavanjeProizvodaUKorpu - d38761f9-2e3a-5ce1-f2a0-e27a12c67565' started.
TpTrace Information: 0 : 15584, 7, 2025/01/19, 20:31:58.026, 21847062812359, datacollector.dll, DataCollectionTestCaseEventHandler: Test case completing.
TpTrace Information: 0 : 15584, 7, 2025/01/19, 20:31:58.031, 21847062861657, datacollector.dll, BlameCollector.EventsTestCaseEnd: Test Case End
TpTrace Verbose: 0 : 15584, 7, 2025/01/19, 20:31:58.031, 21847062864188, datacollector.dll, MulticastDelegateUtilities.SafeInvoke: DataCollectionEvents.TestCaseEnd: Invoking callback 1/1 for Microsoft.TestPlatform.Extensions.BlameDataCollector.BlameCollector., took 0 ms.
TpTrace Information: 0 : 15584, 7, 2025/01/19, 20:31:58.033, 21847062885125, datacollector.dll, DataCollectionTestCaseEventHandler: Test case 'DodavanjeProizvodaUKorpu - d38761f9-2e3a-5ce1-f2a0-e27a12c67565' completed
TpTrace Information: 0 : 15584, 7, 2025/01/19, 20:31:58.051, 21847063061457, datacollector.dll, DataCollectionTestCaseEventHandler: Test case starting.
TpTrace Information: 0 : 15584, 7, 2025/01/19, 20:31:58.052, 21847063072443, datacollector.dll, BlameCollector.EventsTestCaseStart: Test Case Start
TpTrace Verbose: 0 : 15584, 7, 2025/01/19, 20:31:58.052, 21847063073598, datacollector.dll, MulticastDelegateUtilities.SafeInvoke: DataCollectionEvents.TestCaseStart: Invoking callback 1/1 for Microsoft.TestPlatform.Extensions.BlameDataCollector.BlameCollector., took 0 ms.
TpTrace Information: 0 : 15584, 7, 2025/01/19, 20:31:58.052, 21847063075245, datacollector.dll, DataCollectionTestCaseEventHandler: Test case 'PraznaKorpa - 46a2d43a-645b-1526-f562-885a953b25d1' started.
TpTrace Information: 0 : 15584, 7, 2025/01/19, 20:32:07.687, 21847159421829, datacollector.dll, DataCollectionTestCaseEventHandler: Test case completing.
TpTrace Information: 0 : 15584, 7, 2025/01/19, 20:32:07.688, 21847159433652, datacollector.dll, BlameCollector.EventsTestCaseEnd: Test Case End
TpTrace Verbose: 0 : 15584, 7, 2025/01/19, 20:32:07.688, 21847159434433, datacollector.dll, MulticastDelegateUtilities.SafeInvoke: DataCollectionEvents.TestCaseEnd: Invoking callback 1/1 for Microsoft.TestPlatform.Extensions.BlameDataCollector.BlameCollector., took 0 ms.
TpTrace Information: 0 : 15584, 7, 2025/01/19, 20:32:07.688, 21847159436199, datacollector.dll, DataCollectionTestCaseEventHandler: Test case 'PraznaKorpa - 46a2d43a-645b-1526-f562-885a953b25d1' completed
TpTrace Information: 0 : 15584, 7, 2025/01/19, 20:32:07.692, 21847159473991, datacollector.dll, DataCollectionTestCaseEventHandler: Test case starting.
TpTrace Information: 0 : 15584, 7, 2025/01/19, 20:32:07.693, 21847159478778, datacollector.dll, BlameCollector.EventsTestCaseStart: Test Case Start
TpTrace Verbose: 0 : 15584, 7, 2025/01/19, 20:32:07.693, 21847159479541, datacollector.dll, MulticastDelegateUtilities.SafeInvoke: DataCollectionEvents.TestCaseStart: Invoking callback 1/1 for Microsoft.TestPlatform.Extensions.BlameDataCollector.BlameCollector., took 0 ms.
TpTrace Information: 0 : 15584, 7, 2025/01/19, 20:32:07.693, 21847159480559, datacollector.dll, DataCollectionTestCaseEventHandler: Test case 'NeuspjesnaPretragaZaNasumicniNizZnakova - e922d848-bdfd-1eef-b32e-7d9da4eb9e79' started.
TpTrace Information: 0 : 15584, 7, 2025/01/19, 20:32:27.526, 21847357814273, datacollector.dll, DataCollectionTestCaseEventHandler: Test case completing.
TpTrace Information: 0 : 15584, 7, 2025/01/19, 20:32:27.527, 21847357820248, datacollector.dll, BlameCollector.EventsTestCaseEnd: Test Case End
TpTrace Verbose: 0 : 15584, 7, 2025/01/19, 20:32:27.527, 21847357822424, datacollector.dll, MulticastDelegateUtilities.SafeInvoke: DataCollectionEvents.TestCaseEnd: Invoking callback 1/1 for Microsoft.TestPlatform.Extensions.BlameDataCollector.BlameCollector., took 0 ms.
TpTrace Information: 0 : 15584, 7, 2025/01/19, 20:32:27.527, 21847357824065, datacollector.dll, DataCollectionTestCaseEventHandler: Test case 'NeuspjesnaPretragaZaNasumicniNizZnakova - e922d848-bdfd-1eef-b32e-7d9da4eb9e79' completed
TpTrace Information: 0 : 15584, 7, 2025/01/19, 20:32:27.529, 21847357841607, datacollector.dll, DataCollectionTestCaseEventHandler: Test case starting.
TpTrace Information: 0 : 15584, 7, 2025/01/19, 20:32:27.530, 21847357849241, datacollector.dll, BlameCollector.EventsTestCaseStart: Test Case Start
TpTrace Verbose: 0 : 15584, 7, 2025/01/19, 20:32:27.530, 21847357851114, datacollector.dll, MulticastDelegateUtilities.SafeInvoke: DataCollectionEvents.TestCaseStart: Invoking callback 1/1 for Microsoft.TestPlatform.Extensions.BlameDataCollector.BlameCollector., took 0 ms.
TpTrace Information: 0 : 15584, 7, 2025/01/19, 20:32:27.530, 21847357854028, datacollector.dll, DataCollectionTestCaseEventHandler: Test case 'NeuspjesnaPretragaZaNepostojeciNaziv - bc592a10-0af5-c7c4-dcdb-19063fde93e8' started.
TpTrace Information: 0 : 15584, 7, 2025/01/19, 20:32:47.358, 21847556128597, datacollector.dll, DataCollectionTestCaseEventHandler: Test case completing.
TpTrace Information: 0 : 15584, 7, 2025/01/19, 20:32:47.358, 21847556133373, datacollector.dll, BlameCollector.EventsTestCaseEnd: Test Case End
TpTrace Verbose: 0 : 15584, 7, 2025/01/19, 20:32:47.358, 21847556133994, datacollector.dll, MulticastDelegateUtilities.SafeInvoke: DataCollectionEvents.TestCaseEnd: Invoking callback 1/1 for Microsoft.TestPlatform.Extensions.BlameDataCollector.BlameCollector., took 0 ms.
TpTrace Information: 0 : 15584, 7, 2025/01/19, 20:32:47.358, 21847556135618, datacollector.dll, DataCollectionTestCaseEventHandler: Test case 'NeuspjesnaPretragaZaNepostojeciNaziv - bc592a10-0af5-c7c4-dcdb-19063fde93e8' completed
TpTrace Information: 0 : 15584, 7, 2025/01/19, 20:32:47.360, 21847556148645, datacollector.dll, DataCollectionTestCaseEventHandler: Test case starting.
TpTrace Information: 0 : 15584, 7, 2025/01/19, 20:32:47.360, 21847556154466, datacollector.dll, BlameCollector.EventsTestCaseStart: Test Case Start
TpTrace Verbose: 0 : 15584, 7, 2025/01/19, 20:32:47.360, 21847556155602, datacollector.dll, MulticastDelegateUtilities.SafeInvoke: DataCollectionEvents.TestCaseStart: Invoking callback 1/1 for Microsoft.TestPlatform.Extensions.BlameDataCollector.BlameCollector., took 0 ms.
TpTrace Information: 0 : 15584, 7, 2025/01/19, 20:32:47.361, 21847556157452, datacollector.dll, DataCollectionTestCaseEventHandler: Test case 'NeuspjesnaPretragaZaPrazanString - 831e5dee-adb4-dff2-d66e-27bfb374a1ad' started.
TpTrace Information: 0 : 15584, 7, 2025/01/19, 20:33:07.260, 21847755148321, datacollector.dll, DataCollectionTestCaseEventHandler: Test case completing.
TpTrace Information: 0 : 15584, 7, 2025/01/19, 20:33:07.260, 21847755153181, datacollector.dll, BlameCollector.EventsTestCaseEnd: Test Case End
TpTrace Verbose: 0 : 15584, 7, 2025/01/19, 20:33:07.260, 21847755153858, datacollector.dll, MulticastDelegateUtilities.SafeInvoke: DataCollectionEvents.TestCaseEnd: Invoking callback 1/1 for Microsoft.TestPlatform.Extensions.BlameDataCollector.BlameCollector., took 0 ms.
TpTrace Information: 0 : 15584, 7, 2025/01/19, 20:33:07.260, 21847755155531, datacollector.dll, DataCollectionTestCaseEventHandler: Test case 'NeuspjesnaPretragaZaPrazanString - 831e5dee-adb4-dff2-d66e-27bfb374a1ad' completed
TpTrace Information: 0 : 15584, 7, 2025/01/19, 20:33:07.262, 21847755166456, datacollector.dll, DataCollectionTestCaseEventHandler: Test case starting.
TpTrace Information: 0 : 15584, 7, 2025/01/19, 20:33:07.262, 21847755169738, datacollector.dll, BlameCollector.EventsTestCaseStart: Test Case Start
TpTrace Verbose: 0 : 15584, 7, 2025/01/19, 20:33:07.262, 21847755170217, datacollector.dll, MulticastDelegateUtilities.SafeInvoke: DataCollectionEvents.TestCaseStart: Invoking callback 1/1 for Microsoft.TestPlatform.Extensions.BlameDataCollector.BlameCollector., took 0 ms.
TpTrace Information: 0 : 15584, 7, 2025/01/19, 20:33:07.262, 21847755171172, datacollector.dll, DataCollectionTestCaseEventHandler: Test case 'UspjesnaPretragaSaPostojecimNazivomProizvoda - a60a62c0-4bb9-64a2-1591-bcb656814f17' started.
TpTrace Information: 0 : 15584, 7, 2025/01/19, 20:33:18.052, 21847863072966, datacollector.dll, DataCollectionTestCaseEventHandler: Test case completing.
TpTrace Information: 0 : 15584, 7, 2025/01/19, 20:33:18.053, 21847863077576, datacollector.dll, BlameCollector.EventsTestCaseEnd: Test Case End
TpTrace Verbose: 0 : 15584, 7, 2025/01/19, 20:33:18.053, 21847863078111, datacollector.dll, MulticastDelegateUtilities.SafeInvoke: DataCollectionEvents.TestCaseEnd: Invoking callback 1/1 for Microsoft.TestPlatform.Extensions.BlameDataCollector.BlameCollector., took 0 ms.
TpTrace Information: 0 : 15584, 7, 2025/01/19, 20:33:18.053, 21847863080369, datacollector.dll, DataCollectionTestCaseEventHandler: Test case 'UspjesnaPretragaSaPostojecimNazivomProizvoda - a60a62c0-4bb9-64a2-1591-bcb656814f17' completed
TpTrace Information: 0 : 15584, 7, 2025/01/19, 20:33:18.054, 21847863093710, datacollector.dll, DataCollectionTestCaseEventHandler: Test case starting.
TpTrace Information: 0 : 15584, 7, 2025/01/19, 20:33:18.055, 21847863097367, datacollector.dll, BlameCollector.EventsTestCaseStart: Test Case Start
TpTrace Verbose: 0 : 15584, 7, 2025/01/19, 20:33:18.055, 21847863097937, datacollector.dll, MulticastDelegateUtilities.SafeInvoke: DataCollectionEvents.TestCaseStart: Invoking callback 1/1 for Microsoft.TestPlatform.Extensions.BlameDataCollector.BlameCollector., took 0 ms.
TpTrace Information: 0 : 15584, 7, 2025/01/19, 20:33:18.055, 21847863098879, datacollector.dll, DataCollectionTestCaseEventHandler: Test case 'UspjesnaPretragaZaDjelimicniNazivProizvoda - 8435e48a-0ba9-1416-fbf6-ff91828421e1' started.
TpTrace Information: 0 : 15584, 7, 2025/01/19, 20:33:32.524, 21848007787012, datacollector.dll, DataCollectionTestCaseEventHandler: Test case completing.
TpTrace Information: 0 : 15584, 7, 2025/01/19, 20:33:32.524, 21848007792172, datacollector.dll, BlameCollector.EventsTestCaseEnd: Test Case End
TpTrace Verbose: 0 : 15584, 7, 2025/01/19, 20:33:32.524, 21848007792725, datacollector.dll, MulticastDelegateUtilities.SafeInvoke: DataCollectionEvents.TestCaseEnd: Invoking callback 1/1 for Microsoft.TestPlatform.Extensions.BlameDataCollector.BlameCollector., took 0 ms.
TpTrace Information: 0 : 15584, 7, 2025/01/19, 20:33:32.524, 21848007794082, datacollector.dll, DataCollectionTestCaseEventHandler: Test case 'UspjesnaPretragaZaDjelimicniNazivProizvoda - 8435e48a-0ba9-1416-fbf6-ff91828421e1' completed
TpTrace Information: 0 : 15584, 7, 2025/01/19, 20:33:32.526, 21848007807777, datacollector.dll, DataCollectionTestCaseEventHandler: Test case starting.
TpTrace Information: 0 : 15584, 7, 2025/01/19, 20:33:32.526, 21848007811742, datacollector.dll, BlameCollector.EventsTestCaseStart: Test Case Start
TpTrace Verbose: 0 : 15584, 7, 2025/01/19, 20:33:32.526, 21848007812735, datacollector.dll, MulticastDelegateUtilities.SafeInvoke: DataCollectionEvents.TestCaseStart: Invoking callback 1/1 for Microsoft.TestPlatform.Extensions.BlameDataCollector.BlameCollector., took 0 ms.
TpTrace Information: 0 : 15584, 7, 2025/01/19, 20:33:32.526, 21848007815597, datacollector.dll, DataCollectionTestCaseEventHandler: Test case 'NeuspjesnaRegistracijaSaSlabomLozinkom - c6f4031c-8189-5254-28d0-9eae4a53da88' started.
TpTrace Information: 0 : 15584, 7, 2025/01/19, 20:33:37.587, 21848058425210, datacollector.dll, DataCollectionTestCaseEventHandler: Test case completing.
TpTrace Information: 0 : 15584, 7, 2025/01/19, 20:33:37.588, 21848058435061, datacollector.dll, BlameCollector.EventsTestCaseEnd: Test Case End
TpTrace Verbose: 0 : 15584, 7, 2025/01/19, 20:33:37.588, 21848058436329, datacollector.dll, MulticastDelegateUtilities.SafeInvoke: DataCollectionEvents.TestCaseEnd: Invoking callback 1/1 for Microsoft.TestPlatform.Extensions.BlameDataCollector.BlameCollector., took 0 ms.
TpTrace Information: 0 : 15584, 7, 2025/01/19, 20:33:37.589, 21848058439988, datacollector.dll, DataCollectionTestCaseEventHandler: Test case 'NeuspjesnaRegistracijaSaSlabomLozinkom - c6f4031c-8189-5254-28d0-9eae4a53da88' completed
TpTrace Information: 0 : 15584, 7, 2025/01/19, 20:33:37.590, 21848058454513, datacollector.dll, DataCollectionTestCaseEventHandler: Test case starting.
TpTrace Information: 0 : 15584, 7, 2025/01/19, 20:33:37.591, 21848058458748, datacollector.dll, BlameCollector.EventsTestCaseStart: Test Case Start
TpTrace Verbose: 0 : 15584, 7, 2025/01/19, 20:33:37.591, 21848058459300, datacollector.dll, MulticastDelegateUtilities.SafeInvoke: DataCollectionEvents.TestCaseStart: Invoking callback 1/1 for Microsoft.TestPlatform.Extensions.BlameDataCollector.BlameCollector., took 0 ms.
TpTrace Information: 0 : 15584, 7, 2025/01/19, 20:33:37.591, 21848058460558, datacollector.dll, DataCollectionTestCaseEventHandler: Test case 'UspjesnaRegistracijaSaValidnimPodacima - af5f2ee3-6857-7803-1c38-a285de48a40a' started.
TpTrace Information: 0 : 15584, 7, 2025/01/19, 20:33:42.744, 21848109990060, datacollector.dll, DataCollectionTestCaseEventHandler: Test case completing.
TpTrace Information: 0 : 15584, 7, 2025/01/19, 20:33:42.744, 21848109995750, datacollector.dll, BlameCollector.EventsTestCaseEnd: Test Case End
TpTrace Verbose: 0 : 15584, 7, 2025/01/19, 20:33:42.744, 21848109996327, datacollector.dll, MulticastDelegateUtilities.SafeInvoke: DataCollectionEvents.TestCaseEnd: Invoking callback 1/1 for Microsoft.TestPlatform.Extensions.BlameDataCollector.BlameCollector., took 0 ms.
TpTrace Information: 0 : 15584, 7, 2025/01/19, 20:33:42.745, 21848109997930, datacollector.dll, DataCollectionTestCaseEventHandler: Test case 'UspjesnaRegistracijaSaValidnimPodacima - af5f2ee3-6857-7803-1c38-a285de48a40a' completed
TpTrace Information: 0 : 15584, 7, 2025/01/19, 20:33:42.755, 21848110097723, datacollector.dll, DataCollectionTestCaseEventHandler: Test session ended
TpTrace Information: 0 : 15584, 1, 2025/01/19, 20:33:42.851, 21848111056503, datacollector.dll, DataCollectionRequestHandler.ProcessRequests: Datacollector received message: (DataCollection.AfterTestRunEnd) -> {"MessageType":"DataCollection.AfterTestRunEnd","Payload":false}
TpTrace Information: 0 : 15584, 1, 2025/01/19, 20:33:42.852, 21848111066904, datacollector.dll, Blame Collector: Session End
TpTrace Information: 0 : 15584, 1, 2025/01/19, 20:33:42.852, 21848111067463, datacollector.dll, BlameCollector.CollectDumpAndAbortTesthost: Custom path to dump directory was provided via VSTEST_DUMP_PATH. Skipping attachment upload, the caller is responsible for collecting and uploading the dumps themselves.
TpTrace Verbose: 0 : 15584, 1, 2025/01/19, 20:33:42.852, 21848111068144, datacollector.dll, MulticastDelegateUtilities.SafeInvoke: DataCollectionEvents.SessionEnd: Invoking callback 1/1 for Microsoft.TestPlatform.Extensions.BlameDataCollector.BlameCollector., took 0 ms.
TpTrace Information: 0 : 15584, 1, 2025/01/19, 20:33:42.852, 21848111073837, datacollector.dll, DataCollectionManager.CleanupPlugins: CleanupPlugins called
TpTrace Verbose: 0 : 15584, 1, 2025/01/19, 20:33:42.852, 21848111074271, datacollector.dll, DataCollectionManager.CleanupPlugins: Cleaning up 1 plugins
TpTrace Verbose: 0 : 15584, 1, 2025/01/19, 20:33:42.852, 21848111075097, datacollector.dll, dataCollectorInfo.DisposeDataCollector: calling Dispose() on Microsoft.TestPlatform.Extensions.BlameDataCollector.BlameCollector
TpTrace Information: 0 : 15584, 1, 2025/01/19, 20:33:42.852, 21848111075728, datacollector.dll, DataCollectionManager.CleanupPlugins: CleanupPlugins finished
TpTrace Information: 0 : 15584, 1, 2025/01/19, 20:33:42.857, 21848111117530, datacollector.dll, DataCollectionRequestHandler.ProcessRequests : Session End message received from server. Closing the connection.
TpTrace Information: 0 : 15584, 1, 2025/01/19, 20:33:42.857, 21848111119589, datacollector.dll, Closing the connection !
TpTrace Information: 0 : 15584, 1, 2025/01/19, 20:33:42.857, 21848111119893, datacollector.dll, DataCollectionRequestHandler.ProcessRequests : DataCollection completed
TpTrace Information: 0 : 15584, 1, 2025/01/19, 20:33:42.857, 21848111120226, datacollector.dll, Program.Main: exiting datacollector process.
